<?xml version="1.0" encoding="UTF-8"?>
<!-- Generated by org.testng.reporters.JUnitReportReporter -->
<testsuite skipped="4" hostname="DESKTOP-PTK84VK" name="testCase.LoginTest" tests="6" failures="0" timestamp="2021-06-13T23:14:05 IST" time="0.150" errors="0">
  <testcase name="verifyUrl" time="0.141" classname="testCase.LoginTest"/>
  <system-out/>
  <testcase name="verifyTitle" time="0.009" classname="testCase.LoginTest"/>
  <system-out/>
  <testcase name="incorrectUnameIncorrectPwd" classname="testCase.LoginTest">
    <skipped/>
  </testcase> <!-- incorrectUnameIncorrectPwd -->
  <system-out/>
  <testcase name="incorrectUnameCorrectPwd" classname="testCase.LoginTest">
    <skipped/>
  </testcase> <!-- incorrectUnameCorrectPwd -->
  <system-out/>
  <testcase name="CorrectUnameIncorrectPwd" classname="testCase.LoginTest">
    <skipped/>
  </testcase> <!-- CorrectUnameIncorrectPwd -->
  <system-out/>
  <testcase name="CorrectUnameCorrectPwd" classname="testCase.LoginTest">
    <skipped/>
  </testcase> <!-- CorrectUnameCorrectPwd -->
  <system-out/>
</testsuite> <!-- testCase.LoginTest -->
