<?xml version="1.0" encoding="UTF-8"?>
<!-- Generated by org.testng.reporters.JUnitReportReporter -->
<testsuite skipped="0" hostname="DESKTOP-PTK84VK" name="testCase.ProjectsTest" tests="2" failures="0" timestamp="2021-06-14T19:13:21 IST" time="25.723" errors="0">
  <testcase name="projectmenucheck" time="12.938" classname="testCase.ProjectsTest"/>
  <system-out/>
  <testcase name="addproject" time="12.785" classname="testCase.ProjectsTest"/>
  <system-out/>
</testsuite> <!-- testCase.ProjectsTest -->
