<?xml version="1.0" encoding="UTF-8"?>
<!-- Generated by org.testng.reporters.JUnitReportReporter -->
<testsuite skipped="0" hostname="DESKTOP-PTK84VK" name="testCase.BugTest" tests="4" failures="0" timestamp="2021-06-13T23:37:07 IST" time="35.587" errors="0">
  <testcase name="CorrectUnameCorrectPwd" time="20.492" classname="testCase.BugTest"/>
  <system-out/>
  <testcase name="bugsmenucheck" time="2.045" classname="testCase.BugTest"/>
  <system-out/>
  <testcase name="addBug" time="10.235" classname="testCase.BugTest"/>
  <system-out/>
  <testcase name="verifyBug" time="2.815" classname="testCase.BugTest"/>
  <system-out/>
</testsuite> <!-- testCase.BugTest -->
