<?xml version="1.0" encoding="UTF-8"?>
<!-- Generated by org.testng.reporters.JUnitReportReporter -->
<testsuite skipped="0" hostname="DESKTOP-PTK84VK" name="testCase.LoginTest" tests="4" failures="0" timestamp="2021-06-05T12:19:19 IST" time="30.671" errors="0">
  <testcase name="incorrectUnameIncorrectPwd" time="1.636" classname="testCase.LoginTest"/>
  <system-out/>
  <testcase name="incorrectUnameCorrectPwd" time="4.357" classname="testCase.LoginTest"/>
  <system-out/>
  <testcase name="CorrectUnameIncorrectPwd" time="4.263" classname="testCase.LoginTest"/>
  <system-out/>
  <testcase name="CorrectUnameCorrectPwd" time="20.415" classname="testCase.LoginTest"/>
  <system-out/>
</testsuite> <!-- testCase.LoginTest -->
