<?xml version="1.0" encoding="UTF-8"?>
<!-- Generated by org.testng.reporters.JUnitReportReporter -->
<testsuite skipped="0" hostname="DESKTOP-PTK84VK" name="testCase.ProjectsTest" tests="3" failures="0" timestamp="2021-06-06T01:44:24 IST" time="28.247" errors="0">
  <testcase name="CorrectUnameCorrectPwd" time="17.780" classname="testCase.ProjectsTest"/>
  <system-out/>
  <testcase name="projectmenucheck" time="6.149" classname="testCase.ProjectsTest"/>
  <system-out/>
  <testcase name="addproject" time="4.318" classname="testCase.ProjectsTest"/>
  <system-out/>
</testsuite> <!-- testCase.ProjectsTest -->
