<?xml version="1.0" encoding="UTF-8"?>
<!-- Generated by org.testng.reporters.JUnitReportReporter -->
<testsuite skipped="0" hostname="DESKTOP-PTK84VK" name="testCase.LogoutTest" tests="2" failures="0" timestamp="2021-06-14T00:25:24 IST" time="19.911" errors="0">
  <testcase name="CorrectUnameCorrectPwd" time="15.286" classname="testCase.LogoutTest"/>
  <system-out/>
  <testcase name="Logout" time="4.625" classname="testCase.LogoutTest"/>
  <system-out/>
</testsuite> <!-- testCase.LogoutTest -->
