<?xml version="1.0" encoding="UTF-8"?>
<!-- Generated by org.testng.reporters.JUnitReportReporter -->
<testsuite skipped="3" hostname="DESKTOP-PTK84VK" name="testCase.LoginTest" tests="6" failures="0" timestamp="2021-06-14T19:13:21 IST" time="17.684" errors="0">
  <testcase name="verifyUrl" time="0.143" classname="testCase.LoginTest"/>
  <system-out/>
  <testcase name="verifyTitle" time="0.009" classname="testCase.LoginTest"/>
  <system-out/>
  <testcase name="CorrectUnameCorrectPwd" time="17.532" classname="testCase.LoginTest"/>
  <system-out/>
  <testcase name="incorrectUnameIncorrectPwd" classname="testCase.LoginTest">
    <skipped/>
  </testcase> <!-- incorrectUnameIncorrectPwd -->
  <system-out/>
  <testcase name="incorrectUnameCorrectPwd" classname="testCase.LoginTest">
    <skipped/>
  </testcase> <!-- incorrectUnameCorrectPwd -->
  <system-out/>
  <testcase name="CorrectUnameIncorrectPwd" classname="testCase.LoginTest">
    <skipped/>
  </testcase> <!-- CorrectUnameIncorrectPwd -->
  <system-out/>
</testsuite> <!-- testCase.LoginTest -->
