<?xml version="1.0" encoding="UTF-8"?>
<!-- Generated by org.testng.reporters.JUnitReportReporter -->
<testsuite skipped="0" hostname="DESKTOP-PTK84VK" name="testCase.BugTest" tests="3" failures="0" timestamp="2021-06-14T19:13:21 IST" time="12.253" errors="0">
  <testcase name="bugsmenucheck" time="1.775" classname="testCase.BugTest"/>
  <system-out/>
  <testcase name="addBug" time="7.231" classname="testCase.BugTest"/>
  <system-out/>
  <testcase name="verifyBug" time="3.247" classname="testCase.BugTest"/>
  <system-out/>
</testsuite> <!-- testCase.BugTest -->
