<?xml version="1.0" encoding="UTF-8"?>
<!-- Generated by org.testng.reporters.JUnitReportReporter -->
<testsuite skipped="0" hostname="DESKTOP-PTK84VK" name="testCase.DashboardTest" tests="7" failures="0" timestamp="2021-06-14T01:53:35 IST" time="25.757" errors="0">
  <testcase name="CorrectUnameCorrectPwd" time="20.387" classname="testCase.DashboardTest"/>
  <system-out/>
  <testcase name="dashboardmenucheck" time="2.744" classname="testCase.DashboardTest"/>
  <system-out/>
  <testcase name="incomeVSExpensecheck" time="0.308" classname="testCase.DashboardTest"/>
  <system-out/>
  <testcase name="scrollDown" time="2.246" classname="testCase.DashboardTest"/>
  <system-out/>
  <testcase name="scrollUp" time="0.047" classname="testCase.DashboardTest"/>
  <system-out/>
  <testcase name="scrollDownpixel" time="0.010" classname="testCase.DashboardTest"/>
  <system-out/>
  <testcase name="scrollUppixel" time="0.015" classname="testCase.DashboardTest"/>
  <system-out/>
</testsuite> <!-- testCase.DashboardTest -->
