<?xml version="1.0" encoding="UTF-8"?>
<!-- Generated by org.testng.reporters.JUnitReportReporter -->
<testsuite skipped="0" hostname="DESKTOP-PTK84VK" name="testCase.HomeTest" tests="5" failures="0" timestamp="2021-06-14T00:21:25 IST" time="21.492" errors="0">
  <testcase name="CorrectUnameCorrectPwd" time="21.237" classname="testCase.HomeTest"/>
  <system-out/>
  <testcase name="verifyHomeUrl" time="0.037" classname="testCase.HomeTest"/>
  <system-out/>
  <testcase name="verifyHomeTitle" time="0.005" classname="testCase.HomeTest"/>
  <system-out/>
  <testcase name="verifyLogo" time="0.100" classname="testCase.HomeTest"/>
  <system-out/>
  <testcase name="verifyUserLoggedin" time="0.113" classname="testCase.HomeTest"/>
  <system-out/>
</testsuite> <!-- testCase.HomeTest -->
