<?xml version="1.0" encoding="UTF-8"?>
<!-- Generated by org.testng.reporters.JUnitReportReporter -->
<testsuite skipped="0" hostname="DESKTOP-PTK84VK" name="testCase.DashboardTest" tests="2" failures="0" timestamp="2021-06-14T00:37:07 IST" time="18.311" errors="0">
  <testcase name="CorrectUnameCorrectPwd" time="15.497" classname="testCase.DashboardTest"/>
  <system-out/>
  <testcase name="dashboardmenucheck" time="2.814" classname="testCase.DashboardTest"/>
  <system-out/>
</testsuite> <!-- testCase.DashboardTest -->
