<?xml version="1.0" encoding="UTF-8"?>
<!-- Generated by org.testng.reporters.JUnitReportReporter -->
<testsuite skipped="0" hostname="DESKTOP-PTK84VK" name="testCase.BaseClass" tests="4" failures="0" timestamp="2021-06-07T17:20:12 IST" time="30.112" errors="0">
  <testcase name="incorrectUnameIncorrectPwd" time="2.678" classname="testCase.BaseClass"/>
  <system-out/>
  <testcase name="incorrectUnameCorrectPwd" time="4.174" classname="testCase.BaseClass"/>
  <system-out/>
  <testcase name="CorrectUnameIncorrectPwd" time="4.286" classname="testCase.BaseClass"/>
  <system-out/>
  <testcase name="CorrectUnameCorrectPwd" time="18.974" classname="testCase.BaseClass"/>
  <system-out/>
</testsuite> <!-- testCase.BaseClass -->
